Determining if the pthread_create exist failed with the following output:
Change Dir: /home/alex/Desktop/C-/Concurrency/cmake-build-debug/CMakeFiles/CMakeTmp

Run Build Command:"/usr/bin/make" "cmTC_1ebd3/fast"
/usr/bin/make -f CMakeFiles/cmTC_1ebd3.dir/build.make CMakeFiles/cmTC_1ebd3.dir/build
make[1]: Entering directory '/home/alex/Desktop/C-/Concurrency/cmake-build-debug/CMakeFiles/CMakeTmp'
Building C object CMakeFiles/cmTC_1ebd3.dir/CheckSymbolExists.c.o
/usr/bin/cc    -o CMakeFiles/cmTC_1ebd3.dir/CheckSymbolExists.c.o   -c /home/alex/Desktop/C-/Concurrency/cmake-build-debug/CMakeFiles/CMakeTmp/CheckSymbolExists.c
Linking C executable cmTC_1ebd3
/home/alex/.local/share/JetBrains/Toolbox/apps/CLion/ch-0/183.4886.39/bin/cmake/linux/bin/cmake -E cmake_link_script CMakeFiles/cmTC_1ebd3.dir/link.txt --verbose=1
/usr/bin/cc      CMakeFiles/cmTC_1ebd3.dir/CheckSymbolExists.c.o  -o cmTC_1ebd3 
CMakeFiles/cmTC_1ebd3.dir/CheckSymbolExists.c.o: In function `main':
CheckSymbolExists.c:(.text+0x1b): undefined reference to `pthread_create'
collect2: error: ld returned 1 exit status
CMakeFiles/cmTC_1ebd3.dir/build.make:86: recipe for target 'cmTC_1ebd3' failed
make[1]: *** [cmTC_1ebd3] Error 1
make[1]: Leaving directory '/home/alex/Desktop/C-/Concurrency/cmake-build-debug/CMakeFiles/CMakeTmp'
Makefile:121: recipe for target 'cmTC_1ebd3/fast' failed
make: *** [cmTC_1ebd3/fast] Error 2

File /home/alex/Desktop/C-/Concurrency/cmake-build-debug/CMakeFiles/CMakeTmp/CheckSymbolExists.c:
/* */
#include <pthread.h>

int main(int argc, char** argv)
{
  (void)argv;
#ifndef pthread_create
  return ((int*)(&pthread_create))[argc];
#else
  (void)argc;
  return 0;
#endif
}

Determining if the function pthread_create exists in the pthreads failed with the following output:
Change Dir: /home/alex/Desktop/C-/Concurrency/cmake-build-debug/CMakeFiles/CMakeTmp

Run Build Command:"/usr/bin/make" "cmTC_f5b90/fast"
/usr/bin/make -f CMakeFiles/cmTC_f5b90.dir/build.make CMakeFiles/cmTC_f5b90.dir/build
make[1]: Entering directory '/home/alex/Desktop/C-/Concurrency/cmake-build-debug/CMakeFiles/CMakeTmp'
Building C object CMakeFiles/cmTC_f5b90.dir/CheckFunctionExists.c.o
/usr/bin/cc   -DCHECK_FUNCTION_EXISTS=pthread_create   -o CMakeFiles/cmTC_f5b90.dir/CheckFunctionExists.c.o   -c /home/alex/.local/share/JetBrains/Toolbox/apps/CLion/ch-0/183.4886.39/bin/cmake/linux/share/cmake-3.13/Modules/CheckFunctionExists.c
Linking C executable cmTC_f5b90
/home/alex/.local/share/JetBrains/Toolbox/apps/CLion/ch-0/183.4886.39/bin/cmake/linux/bin/cmake -E cmake_link_script CMakeFiles/cmTC_f5b90.dir/link.txt --verbose=1
/usr/bin/cc  -DCHECK_FUNCTION_EXISTS=pthread_create    CMakeFiles/cmTC_f5b90.dir/CheckFunctionExists.c.o  -o cmTC_f5b90 -lpthreads 
/usr/bin/ld: cannot find -lpthreads
collect2: error: ld returned 1 exit status
CMakeFiles/cmTC_f5b90.dir/build.make:86: recipe for target 'cmTC_f5b90' failed
make[1]: *** [cmTC_f5b90] Error 1
make[1]: Leaving directory '/home/alex/Desktop/C-/Concurrency/cmake-build-debug/CMakeFiles/CMakeTmp'
Makefile:121: recipe for target 'cmTC_f5b90/fast' failed
make: *** [cmTC_f5b90/fast] Error 2


